2026-07-04T01:39:52.883-04:00  INFO 77644 --- [invoice] [main] com.example.invoice.InvoiceApplication   : Starting InvoiceApplication using Java 17.0.12 with PID 77644 (/Users/diliph/invoice-tracker/backend/target/classes started by diliph in /Users/diliph/invoice-tracker/backend)
2026-07-04T01:39:52.884-04:00  INFO 77644 --- [invoice] [main] com.example.invoice.InvoiceApplication   : No active profile set, falling back to 1 default profile: "default"
2026-07-04T01:39:53.135-04:00  INFO 77644 --- [invoice] [main] .s.d.r.c.RepositoryConfigurationDelegate : Bootstrapping Spring Data JPA repositories in DEFAULT mode.
2026-07-04T01:39:53.156-04:00  INFO 77644 --- [invoice] [main] .s.d.r.c.RepositoryConfigurationDelegate : Finished Spring Data repository scanning in 17 ms. Found 2 JPA repository interfaces.
2026-07-04T01:39:53.358-04:00  INFO 77644 --- [invoice] [main] o.s.b.w.embedded.tomcat.TomcatWebServer  : Tomcat initialized with port 8082 (http)
2026-07-04T01:39:53.363-04:00  INFO 77644 --- [invoice] [main] o.apache.catalina.core.StandardService   : Starting service [Tomcat]
2026-07-04T01:39:53.363-04:00  INFO 77644 --- [invoice] [main] o.apache.catalina.core.StandardEngine    : Starting Servlet engine: [Apache Tomcat/10.1.24]
2026-07-04T01:39:53.388-04:00  INFO 77644 --- [invoice] [main] o.a.c.c.C.[Tomcat].[localhost].[/]       : Initializing Spring embedded WebApplicationContext
2026-07-04T01:39:53.389-04:00  INFO 77644 --- [invoice] [main] w.s.c.ServletWebServerApplicationContext : Root WebApplicationContext: initialization completed in 484 ms
2026-07-04T01:39:53.402-04:00  INFO 77644 --- [invoice] [main] com.zaxxer.hikari.HikariDataSource       : HikariPool-1 - Starting...
2026-07-04T01:39:53.532-04:00  INFO 77644 --- [invoice] [main] com.zaxxer.hikari.pool.HikariPool        : HikariPool-1 - Added connection conn0: url=jdbc:h2:file:./data/invoicedb user=SA
2026-07-04T01:39:53.533-04:00  INFO 77644 --- [invoice] [main] com.zaxxer.hikari.HikariDataSource       : HikariPool-1 - Start completed.
2026-07-04T01:39:53.538-04:00  INFO 77644 --- [invoice] [main] o.s.b.a.h2.H2ConsoleAutoConfiguration    : H2 console available at '/h2-console'. Database available at 'jdbc:h2:file:./data/invoicedb'
2026-07-04T01:39:53.603-04:00  INFO 77644 --- [invoice] [main] o.hibernate.jpa.internal.util.LogHelper  : HHH000204: Processing PersistenceUnitInfo [name: default]
2026-07-04T01:39:53.631-04:00  INFO 77644 --- [invoice] [main] org.hibernate.Version                    : HHH000412: Hibernate ORM core version 6.5.2.Final
2026-07-04T01:39:53.645-04:00  INFO 77644 --- [invoice] [main] o.h.c.internal.RegionFactoryInitiator    : HHH000026: Second-level cache disabled
2026-07-04T01:39:53.772-04:00  INFO 77644 --- [invoice] [main] o.s.o.j.p.SpringPersistenceUnitInfo      : No LoadTimeWeaver setup: ignoring JPA class transformer
2026-07-04T01:39:53.790-04:00  WARN 77644 --- [invoice] [main] org.hibernate.orm.deprecation            : HHH90000025: H2Dialect does not need to be specified explicitly using 'hibernate.dialect' (remove the property setting and it will be selected by default)
2026-07-04T01:39:54.151-04:00  INFO 77644 --- [invoice] [main] o.h.e.t.j.p.i.JtaPlatformInitiator       : HHH000489: No JTA platform available (set 'hibernate.transaction.jta.platform' to enable JTA platform integration)
2026-07-04T01:39:54.175-04:00  INFO 77644 --- [invoice] [main] j.LocalContainerEntityManagerFactoryBean : Initialized JPA EntityManagerFactory for persistence unit 'default'
2026-07-04T01:39:54.321-04:00  WARN 77644 --- [invoice] [main] JpaBaseConfiguration$JpaWebConfiguration : spring.jpa.open-in-view is enabled by default. Therefore, database queries may be performed during view rendering. Explicitly configure spring.jpa.open-in-view to disable this warning
2026-07-04T01:39:54.329-04:00  INFO 77644 --- [invoice] [main] o.s.b.a.w.s.WelcomePageHandlerMapping    : Adding welcome page: class path resource [static/index.html]
2026-07-04T01:39:54.461-04:00  INFO 77644 --- [invoice] [main] o.s.b.w.embedded.tomcat.TomcatWebServer  : Tomcat started on port 8082 (http) with context path '/'
2026-07-04T01:39:54.465-04:00  INFO 77644 --- [invoice] [main] com.example.invoice.InvoiceApplication   : Started InvoiceApplication in 1.738 seconds (process running for 1.874)
2026-07-04T01:40:22.536-04:00  INFO 77644 --- [invoice] [http-nio-8082-exec-1] o.a.c.c.C.[Tomcat].[localhost].[/]       : Initializing Spring DispatcherServlet 'dispatcherServlet'
2026-07-04T01:40:22.537-04:00  INFO 77644 --- [invoice] [http-nio-8082-exec-1] o.s.web.servlet.DispatcherServlet        : Initializing Servlet 'dispatcherServlet'
2026-07-04T01:40:22.542-04:00  INFO 77644 --- [invoice] [http-nio-8082-exec-1] o.s.web.servlet.DispatcherServlet        : Completed initialization in 4 ms
2026-07-04T01:40:46.747-04:00  INFO 77644 --- [invoice] [http-nio-8082-exec-5] c.e.invoice.controller.AuthController    : [AUTH CONTROLLER] requestOtp: Received request for email: diliph8310@gmail.com, fullName: Dilip H
2026-07-04T01:40:46.820-04:00  WARN 77644 --- [invoice] [http-nio-8082-exec-5] c.e.invoice.controller.AuthController    : [AUTH CONTROLLER] requestOtp: Invalid request for email: diliph8310@gmail.com. Error: An account already exists with that email address
2026-07-04T01:44:13.990-04:00  INFO 77644 --- [invoice] [http-nio-8082-exec-7] c.e.invoice.controller.AuthController    : [AUTH CONTROLLER] requestOtp: Received request for email: diliph8310@gmail.com, fullName: Dilip H
2026-07-04T01:44:14.007-04:00  INFO 77644 --- [invoice] [http-nio-8082-exec-7] c.example.invoice.service.UserService    : [OTP SERVICE] REGISTRATION OTP CODE GENERATED SUCCESSFULLY! Email: diliph8310@gmail.com, OTP Code: 048819, Expires: 2026-07-04T01:49:14.007892
2026-07-04T01:44:16.512-04:00  INFO 77644 --- [invoice] [http-nio-8082-exec-7] c.example.invoice.service.UserService    : [OTP SERVICE] Successfully sent email to diliph8310@gmail.com
2026-07-04T01:44:16.518-04:00  INFO 77644 --- [invoice] [http-nio-8082-exec-7] c.e.invoice.controller.AuthController    : [AUTH CONTROLLER] requestOtp: OTP successfully generated for email: diliph8310@gmail.com
2026-07-04T01:44:37.954-04:00  INFO 77644 --- [invoice] [http-nio-8082-exec-1] c.e.invoice.controller.AuthController    : [AUTH CONTROLLER] verifyOtp: Received verification request for email: diliph8310@gmail.com
2026-07-04T01:44:37.958-04:00  INFO 77644 --- [invoice] [http-nio-8082-exec-1] c.example.invoice.service.UserService    : [USER SERVICE] verifyOtpAndRegister: Verifying OTP for email: diliph8310@gmail.com
2026-07-04T01:44:37.959-04:00  INFO 77644 --- [invoice] [http-nio-8082-exec-1] c.example.invoice.service.UserService    : [USER SERVICE] registerNewUser: Registering user email: diliph8310@gmail.com
2026-07-04T01:44:38.126-04:00  INFO 77644 --- [invoice] [http-nio-8082-exec-1] c.example.invoice.service.UserService    : [USER SERVICE] registerNewUser: Successfully registered user ID: 65
2026-07-04T01:44:38.126-04:00  INFO 77644 --- [invoice] [http-nio-8082-exec-1] c.example.invoice.service.UserService    : [USER SERVICE] verifyOtpAndRegister: Successfully verified and registered user: diliph8310@gmail.com
2026-07-04T01:44:38.129-04:00  INFO 77644 --- [invoice] [http-nio-8082-exec-1] c.e.invoice.controller.AuthController    : [AUTH CONTROLLER] verifyOtp: Successfully verified email diliph8310@gmail.com (ID: 65)
2026-07-04T01:44:38.231-04:00  INFO 77644 --- [invoice] [http-nio-8082-exec-6] c.e.i.controller.InvoiceController       : [INVOICE CONTROLLER] getAllInvoices: Fetching all invoices for user ID: 65, filter status: null
2026-07-04T01:44:38.231-04:00  INFO 77644 --- [invoice] [http-nio-8082-exec-6] c.e.invoice.service.InvoiceService       : [INVOICE SERVICE] getAllInvoices: Querying database for user ID: 65, status: null
2026-07-04T01:44:38.254-04:00  INFO 77644 --- [invoice] [http-nio-8082-exec-6] c.e.i.controller.InvoiceController       : [INVOICE CONTROLLER] getAllInvoices: Found 0 invoices for user ID: 65
